\BOOKMARK [1][-]{section.1}{Introduction}{}% 1
\BOOKMARK [1][-]{section.2}{General description}{}% 2
\BOOKMARK [2][-]{subsection.2.1}{Programming languages}{section.2}% 3
\BOOKMARK [2][-]{subsection.2.2}{Frameworks}{section.2}% 4
\BOOKMARK [2][-]{subsection.2.3}{Treasure Hunt}{section.2}% 5
\BOOKMARK [1][-]{section.3}{Components}{}% 6
\BOOKMARK [2][-]{subsection.3.1}{User identification}{section.3}% 7
\BOOKMARK [2][-]{subsection.3.2}{Overview}{section.3}% 8
\BOOKMARK [2][-]{subsection.3.3}{Chat}{section.3}% 9
\BOOKMARK [2][-]{subsection.3.4}{Game}{section.3}% 10
\BOOKMARK [2][-]{subsection.3.5}{Creation}{section.3}% 11
\BOOKMARK [3][-]{subsubsection.3.5.1}{Details View \(Player vs. Creator\)}{subsection.3.5}% 12
\BOOKMARK [1][-]{section.4}{Database}{}% 13
\BOOKMARK [1][-]{section.5}{Used APIs}{}% 14
\BOOKMARK [2][-]{subsection.5.1}{Google+ User API}{section.5}% 15
\BOOKMARK [2][-]{subsection.5.2}{Google Maps Javascript API}{section.5}% 16
\BOOKMARK [1][-]{section.6}{User manual}{}% 17
\BOOKMARK [2][-]{subsection.6.1}{Setup}{section.6}% 18
\BOOKMARK [2][-]{subsection.6.2}{Limitations}{section.6}% 19
\BOOKMARK [1][-]{section.7}{Summary}{}% 20
